\BOOKMARK [1][-]{section.1}{\376\377\000I\000n\000t\000r\000o\000d\000u\000c\000c\000i\000\363\000n}{}% 1
\BOOKMARK [1][-]{section.2}{\376\377\000O\000b\000j\000e\000t\000i\000v\000o\000s}{}% 2
\BOOKMARK [1][-]{section.3}{\376\377\000T\000a\000r\000e\000a}{}% 3
\BOOKMARK [1][-]{section.4}{\376\377\000E\000n\000t\000r\000e\000g\000a\000b\000l\000e\000s}{}% 4
\BOOKMARK [1][-]{section.5}{\376\377\000E\000q\000u\000i\000p\000o\000s\000,\000\040\000m\000a\000t\000e\000r\000i\000a\000l\000e\000s\000\040\000y\000\040\000t\000e\000m\000a\000s\000\040\000u\000t\000i\000l\000i\000z\000a\000d\000o\000s}{}% 5
\BOOKMARK [1][-]{section.6}{\376\377\000U\000R\000L\000\040\000d\000e\000\040\000R\000e\000p\000o\000s\000i\000t\000o\000r\000i\000o\000\040\000G\000i\000t\000h\000u\000b}{}% 6
\BOOKMARK [1][-]{section.7}{\376\377\000L\000i\000n\000k\000\040\000d\000e\000\040\000V\000i\000d\000e\000o}{}% 7
\BOOKMARK [1][-]{section.8}{\376\377\000M\000e\000t\000o\000d\000o\000l\000o\000g\000\355\000a}{}% 8
\BOOKMARK [2][-]{subsection.8.1}{\376\377\000C\000r\000e\000a\000c\000i\000\363\000n\000\040\000d\000e\000l\000\040\000e\000n\000t\000o\000r\000n\000o\000\040\000d\000e\000\040\000T\000r\000a\000b\000a\000j\000o}{section.8}% 9
\BOOKMARK [3][-]{subsubsection.8.1.1}{\376\377\000C\000a\000r\000p\000e\000t\000a\000\040\000d\000e\000\040\000t\000r\000a\000b\000a\000j\000o}{subsection.8.1}% 10
\BOOKMARK [3][-]{subsubsection.8.1.2}{\376\377\000C\000r\000e\000a\000c\000i\000\363\000n\000\040\000d\000e\000l\000\040\000E\000n\000t\000o\000r\000n\000o\000\040\000V\000i\000r\000t\000u\000a\000l}{subsection.8.1}% 11
\BOOKMARK [3][-]{subsubsection.8.1.3}{\376\377\000A\000c\000t\000i\000v\000a\000r\000\040\000e\000n\000t\000o\000r\000n\000o\000\040\000V\000i\000r\000t\000u\000a\000l}{subsection.8.1}% 12
\BOOKMARK [3][-]{subsubsection.8.1.4}{\376\377\000I\000n\000s\000t\000a\000l\000a\000r\000\040\000D\000j\000a\000n\000g\000o\000\040\000e\000n\000\040\000e\000l\000\040\000e\000n\000t\000o\000r\000n\000o\000\040\000V\000i\000r\000t\000u\000a\000l}{subsection.8.1}% 13
\BOOKMARK [3][-]{subsubsection.8.1.5}{\376\377\000C\000r\000e\000a\000c\000i\000\363\000n\000\040\000c\000a\000r\000p\000e\000t\000a\000\040\000d\000e\000l\000\040\000p\000r\000o\000y\000e\000c\000t\000o}{subsection.8.1}% 14
\BOOKMARK [3][-]{subsubsection.8.1.6}{\376\377\000I\000n\000i\000c\000i\000a\000l\000i\000z\000a\000r\000\040\000g\000i\000t}{subsection.8.1}% 15
\BOOKMARK [3][-]{subsubsection.8.1.7}{\376\377\000C\000r\000e\000a\000r\000\040\000.\000g\000i\000t\000i\000g\000n\000o\000r\000e}{subsection.8.1}% 16
\BOOKMARK [2][-]{subsection.8.2}{\376\377\000C\000r\000e\000a\000c\000i\000o\000n\000\040\000d\000e\000l\000\040\000p\000r\000o\000y\000e\000c\000t\000o\000\040\000y\000\040\000a\000p\000p\000s}{section.8}% 17
\BOOKMARK [3][-]{subsubsection.8.2.1}{\376\377\000C\000r\000e\000a\000r\000\040\000P\000r\000o\000y\000e\000c\000t\000o}{subsection.8.2}% 18
\BOOKMARK [3][-]{subsubsection.8.2.2}{\376\377\000C\000r\000e\000a\000r\000\040\000A\000p\000p}{subsection.8.2}% 19
\BOOKMARK [1][-]{section.9}{\376\377\000D\000e\000s\000a\000r\000r\000o\000l\000l\000o\000\040\000d\000e\000l\000\040\000t\000r\000a\000b\000a\000j\000o}{}% 20
\BOOKMARK [2][-]{subsection.9.1}{\376\377\000S\000e\000g\000u\000i\000m\000i\000e\000n\000t\000o\000\040\000d\000e\000\040\000l\000a\000\040\000A\000c\000t\000i\000v\000i\000d\000a\000d\000\040\000d\000e\000l\000\040\000V\000\355\000d\000e\000o}{section.9}% 21
\BOOKMARK [2][-]{subsection.9.2}{\376\377\000C\000o\000n\000f\000i\000g\000u\000r\000a\000c\000i\000\363\000n\000\040\000e\000n\000\040\000s\000e\000t\000t\000i\000n\000g\000s\000.\000p\000y}{section.9}% 22
\BOOKMARK [3][-]{subsubsection.9.2.1}{\376\377\000C\000o\000n\000f\000i\000g\000u\000r\000a\000c\000i\000\363\000n\000\040\000d\000e\000l\000\040\000L\000e\000n\000g\000u\000a\000j\000e\000\040\000y\000\040\000T\000i\000m\000e\000-\000Z\000o\000n\000e}{subsection.9.2}% 23
\BOOKMARK [3][-]{subsubsection.9.2.2}{\376\377\000C\000o\000n\000f\000i\000g\000u\000r\000a\000c\000i\000\363\000n\000\040\000d\000e\000\040\000a\000r\000c\000h\000i\000v\000o\000s\000\040\000e\000s\000t\000\341\000t\000i\000c\000o\000s}{subsection.9.2}% 24
\BOOKMARK [3][-]{subsubsection.9.2.3}{\376\377\000C\000o\000n\000f\000i\000g\000u\000r\000a\000c\000i\000\363\000n\000\040\000d\000e\000\040\000a\000r\000c\000h\000i\000v\000o\000s\000\040\000m\000e\000d\000i\000a}{subsection.9.2}% 25
\BOOKMARK [2][-]{subsection.9.3}{\376\377\000M\000o\000d\000e\000l\000o\000s}{section.9}% 26
\BOOKMARK [3][-]{subsubsection.9.3.1}{\376\377\000M\000o\000d\000e\000l\000o\000\040\000t\000a\000b\000l\000a\000\040\000D\000i\000s\000e\000\361\000o\000T\000u\000r\000i\000s\000t\000i\000c\000o}{subsection.9.3}% 27
\BOOKMARK [3][-]{subsubsection.9.3.2}{\376\377\000M\000o\000d\000e\000l\000o\000\040\000P\000a\000r\000a\000\040\000E\000l\000i\000m\000i\000n\000a\000r\000\040\000L\000u\000g\000a\000r\000e\000s\000\040\000T\000u\000r\000\355\000s\000t\000i\000c\000o\000s}{subsection.9.3}% 28
\BOOKMARK [3][-]{subsubsection.9.3.3}{\376\377\000M\000o\000d\000e\000l\000o\000\040\000P\000a\000r\000a\000\040\000M\000o\000d\000i\000f\000i\000c\000a\000r\000\040\000L\000u\000g\000a\000r\000e\000s\000\040\000T\000u\000r\000\355\000s\000t\000i\000c\000o\000s}{subsection.9.3}% 29
\BOOKMARK [2][-]{subsection.9.4}{\376\377\000C\000r\000e\000a\000c\000i\000\363\000n\000\040\000d\000e\000\040\000l\000o\000s\000\040\000F\000o\000r\000m\000u\000l\000a\000r\000i\000o\000s\000\040\000A\000\361\000a\000d\000i\000r\000,\000\040\000M\000o\000d\000i\000f\000i\000c\000a\000r\000,\000\040\000L\000i\000s\000t\000a\000r\000\040\000y\000\040\000E\000l\000i\000m\000i\000n\000a\000r}{section.9}% 30
\BOOKMARK [3][-]{subsubsection.9.4.1}{\376\377\000F\000o\000r\000m\000u\000l\000a\000r\000i\000o\000\040\000D\000e\000s\000t\000i\000n\000a\000t\000i\000o\000n\000F\000o\000r\000m\000\040\000-\000\040\000A\000n\000\341\000l\000o\000g\000o\000\040\000d\000e\000\040\000A\000\361\000a\000d\000i\000r}{subsection.9.4}% 31
\BOOKMARK [3][-]{subsubsection.9.4.2}{\376\377\000F\000o\000r\000m\000u\000l\000a\000r\000i\000o\000\040\000M\000o\000d\000i\000f\000i\000c\000a\000r\000F\000o\000r\000m\000\040\000-\000\040\000A\000n\000\341\000l\000o\000g\000o\000\040\000d\000e\000\040\000M\000o\000d\000i\000f\000i\000c\000a\000r}{subsection.9.4}% 32
\BOOKMARK [3][-]{subsubsection.9.4.3}{\376\377\000F\000o\000r\000m\000u\000l\000a\000r\000i\000o\000\040\000M\000o\000d\000i\000f\000i\000c\000a\000r\000F\000o\000r\000m\000u\000\040\000-\000\040\000A\000n\000\341\000l\000o\000g\000o\000\040\000d\000e\000\040\000M\000o\000d\000i\000f\000i\000c\000a\000r}{subsection.9.4}% 33
\BOOKMARK [3][-]{subsubsection.9.4.4}{\376\377\000F\000o\000r\000m\000u\000l\000a\000r\000i\000o\000\040\000D\000e\000l\000e\000t\000e\000F\000o\000r\000m\000\040\000-\000\040\000A\000n\000\341\000l\000o\000g\000o\000\040\000d\000e\000\040\000E\000l\000i\000m\000i\000n\000a\000r}{subsection.9.4}% 34
\BOOKMARK [3][-]{subsubsection.9.4.5}{\376\377\000F\000o\000r\000m\000u\000l\000a\000r\000i\000o\000\040\000L\000i\000s\000t\000a\000r}{subsection.9.4}% 35
\BOOKMARK [2][-]{subsection.9.5}{\376\377\000V\000i\000s\000t\000a\000s}{section.9}% 36
\BOOKMARK [3][-]{subsubsection.9.5.1}{\376\377\000V\000i\000s\000t\000a\000\040\000i\000n\000d\000e\000x}{subsection.9.5}% 37
\BOOKMARK [3][-]{subsubsection.9.5.2}{\376\377\000V\000i\000s\000t\000a\000s\000\040\000a\000b\000o\000u\000t\000,\000\040\000c\000o\000n\000t\000a\000c\000t\000\040\000y\000\040\000n\000e\000w\000s}{subsection.9.5}% 38
\BOOKMARK [3][-]{subsubsection.9.5.3}{\376\377\000V\000i\000s\000t\000a\000\040\000a\000d\000m\000i\000n}{subsection.9.5}% 39
\BOOKMARK [3][-]{subsubsection.9.5.4}{\376\377\000V\000i\000s\000t\000a\000\040\000m\000o\000d\000i\000f\000i\000c\000a\000r}{subsection.9.5}% 40
\BOOKMARK [2][-]{subsection.9.6}{\376\377\000U\000R\000L\000s}{section.9}% 41
\BOOKMARK [3][-]{subsubsection.9.6.1}{\376\377\000u\000r\000l\000s\000.\000p\000y\000\040\000d\000e\000l\000\040\000p\000r\000o\000y\000e\000c\000t\000o\000\040\000t\000e\000l\000u\000s\000k\000o}{subsection.9.6}% 42
\BOOKMARK [3][-]{subsubsection.9.6.2}{\376\377\000u\000r\000l\000s\000.\000p\000y\000\040\000d\000e\000\040\000l\000a\000\040\000a\000p\000p\000\040\000t\000r\000a\000v\000e\000l\000l\000o}{subsection.9.6}% 43
\BOOKMARK [2][-]{subsection.9.7}{\376\377\000P\000l\000a\000n\000t\000i\000l\000l\000a\000s}{section.9}% 44
\BOOKMARK [3][-]{subsubsection.9.7.1}{\376\377\000P\000l\000a\000n\000t\000i\000l\000l\000a\000\040\000a\000d\000m\000i\000n\000.\000h\000t\000m\000l}{subsection.9.7}% 45
\BOOKMARK [3][-]{subsubsection.9.7.2}{\376\377\000P\000l\000a\000n\000t\000i\000l\000l\000a\000\040\000m\000o\000d\000i\000f\000i\000c\000a\000r\000.\000h\000t\000m\000l}{subsection.9.7}% 46
\BOOKMARK [2][-]{subsection.9.8}{\376\377\000E\000s\000t\000i\000l\000o\000s}{section.9}% 47
\BOOKMARK [3][-]{subsubsection.9.8.1}{\376\377\000S\000t\000y\000l\000e\000s\000\040\000d\000e\000\040\000a\000d\000m\000i\000n\000.\000h\000t\000m\000l}{subsection.9.8}% 48
\BOOKMARK [3][-]{subsubsection.9.8.2}{\376\377\000S\000t\000y\000l\000e\000s\000\040\000d\000e\000\040\000m\000o\000d\000i\000f\000i\000c\000a\000r\000.\000h\000t\000m\000l}{subsection.9.8}% 49
\BOOKMARK [2][-]{subsection.9.9}{\376\377\000E\000j\000e\000c\000u\000c\000i\000\363\000n}{section.9}% 50
\BOOKMARK [2][-]{subsection.9.10}{\376\377\000U\000s\000o\000\040\000d\000e\000\040\000G\000i\000t\000H\000u\000b}{section.9}% 51
\BOOKMARK [3][-]{subsubsection.9.10.1}{\376\377\000U\000s\000u\000a\000r\000i\000o\000\040\000d\000e\000\040\000G\000i\000t\000H\000u\000b}{subsection.9.10}% 52
\BOOKMARK [3][-]{subsubsection.9.10.2}{\376\377\000C\000r\000e\000a\000c\000i\000\363\000n\000\040\000d\000e\000\040\000u\000n\000\040\000N\000u\000e\000v\000o\000\040\000R\000e\000p\000o\000s\000i\000t\000o\000r\000i\000o}{subsection.9.10}% 53
\BOOKMARK [3][-]{subsubsection.9.10.3}{\376\377\000C\000o\000m\000a\000n\000d\000o\000s\000\040\000d\000e\000\040\000C\000o\000n\000f\000i\000g\000u\000r\000a\000c\000i\000\363\000n}{subsection.9.10}% 54
\BOOKMARK [3][-]{subsubsection.9.10.4}{\376\377\000I\000m\000p\000l\000e\000m\000e\000n\000t\000a\000c\000i\000\363\000n\000\040\000d\000e\000\040\000R\000e\000a\000d\000m\000e\000.\000m\000d}{subsection.9.10}% 55
\BOOKMARK [3][-]{subsubsection.9.10.5}{\376\377\000R\000e\000g\000i\000s\000t\000r\000o\000\040\000d\000e\000\040\000c\000a\000m\000b\000i\000o\000s\000\040\000e\000n\000\040\000m\000i\000\040\000c\000\363\000d\000i\000g\000o}{subsection.9.10}% 56
\BOOKMARK [3][-]{subsubsection.9.10.6}{\376\377\000R\000e\000p\000o\000s\000i\000t\000o\000r\000i\000o}{subsection.9.10}% 57
\BOOKMARK [3][-]{subsubsection.9.10.7}{\376\377\000P\000r\000o\000y\000e\000c\000t\000o\000\040\000c\000o\000m\000p\000a\000r\000t\000i\000d\000o\000\040\000c\000o\000n\000\040\000e\000l\000\040\000p\000r\000o\000f\000e\000s\000o\000r\000\040\000d\000e\000\040\000g\000i\000t\000h\000u\000b}{subsection.9.10}% 58
\BOOKMARK [1][-]{section.10}{\376\377\000R\000e\000c\000o\000m\000e\000n\000s\000a\000c\000i\000o\000n\000e\000s}{}% 59
\BOOKMARK [1][-]{section.11}{\376\377\000C\000o\000n\000c\000l\000u\000s\000i\000o\000n\000e\000s}{}% 60
\BOOKMARK [2][-]{subsection.11.1}{\376\377\000R\000\372\000b\000r\000i\000c\000a\000\040\000p\000a\000r\000a\000\040\000e\000l\000\040\000c\000o\000n\000t\000e\000n\000i\000d\000o\000\040\000d\000e\000l\000\040\000I\000n\000f\000o\000r\000m\000e\000\040\000y\000\040\000d\000e\000m\000o\000s\000t\000r\000a\000c\000i\000\363\000n}{section.11}% 61
\BOOKMARK [1][-]{section.12}{\376\377\000R\000e\000f\000e\000r\000e\000n\000c\000i\000a\000s}{}% 62
